<?xml version="1.0" encoding="UTF-8"?>
<!-- Generated by org.testng.reporters.JUnitReportReporter -->
<testsuite skipped="0" hostname="mbp-Abhijeet" name="axisweb.massive.home.TC001_AccountDetails" tests="2" failures="0" timestamp="29 Sep 2017 14:40:54 GMT" time="2.151" errors="0">
  <testcase name="loginToAxisWeb" time="1.728" classname="axisweb.massive.home.TC001_AccountDetails"/>
  <testcase name="clickOnAccountBadge" time="0.423" classname="axisweb.massive.home.TC001_AccountDetails"/>
</testsuite> <!-- axisweb.massive.home.TC001_AccountDetails -->
