<?xml version="1.0" encoding="UTF-8"?>
<!-- Generated by org.testng.reporters.JUnitReportReporter -->
<testsuite skipped="0" hostname="mbp-Abhijeet.local" name="axisweb.massive.login.TC002_VerifyLoginWith_ValidCredentials" tests="1" failures="0" timestamp="04 Oct 2017 03:33:43 GMT" time="1.016" errors="0">
  <testcase name="verifyLoginWith_ValidCredentials" time="1.016" classname="axisweb.massive.login.TC002_VerifyLoginWith_ValidCredentials"/>
</testsuite> <!-- axisweb.massive.login.TC002_VerifyLoginWith_ValidCredentials -->
