<?xml version="1.0" encoding="UTF-8"?>
<!-- Generated by org.testng.reporters.JUnitReportReporter -->
<testsuite skipped="0" hostname="mbp-Abhijeet" name="axisweb.massive.login.TC001_VerifyLoginWith_InvalidCredentials" tests="1" failures="0" timestamp="05 Oct 2017 06:53:42 GMT" time="1.006" errors="0">
  <testcase name="verifyLoginWithInvalidCredentials" time="1.006" classname="axisweb.massive.login.TC001_VerifyLoginWith_InvalidCredentials"/>
</testsuite> <!-- axisweb.massive.login.TC001_VerifyLoginWith_InvalidCredentials -->
