<?xml version="1.0" encoding="UTF-8"?>
<!-- Generated by org.testng.reporters.JUnitReportReporter -->
<testsuite skipped="0" hostname="mbp-Abhijeet.local" name="axisweb.massive.login.TC001_VerifyLoginWith_InvalidCredentials" tests="1" failures="0" timestamp="03 Oct 2017 00:07:12 GMT" time="0.786" errors="0">
  <testcase name="verifyLoginWithInvalidCredentials" time="0.786" classname="axisweb.massive.login.TC001_VerifyLoginWith_InvalidCredentials"/>
</testsuite> <!-- axisweb.massive.login.TC001_VerifyLoginWith_InvalidCredentials -->
