<?xml version="1.0" encoding="UTF-8"?>
<!-- Generated by org.testng.reporters.JUnitReportReporter -->
<testsuite skipped="0" hostname="mbp-Abhijeet.local" name="axisweb.massive.login.TC002_VerifyLoginWith_ValidCredentials" tests="1" failures="0" timestamp="03 Oct 2017 00:08:14 GMT" time="1.768" errors="0">
  <testcase name="verifyLoginWith_ValidCredentials" time="1.768" classname="axisweb.massive.login.TC002_VerifyLoginWith_ValidCredentials"/>
</testsuite> <!-- axisweb.massive.login.TC002_VerifyLoginWith_ValidCredentials -->
