<?xml version="1.0" encoding="UTF-8"?>
<!-- Generated by org.testng.reporters.JUnitReportReporter -->
<testsuite skipped="3" hostname="mbp-Abhijeet.local" name="testrailtests.TestRailTests" tests="5" failures="0" timestamp="04 Oct 2017 03:55:29 GMT" time="1.769" errors="0">
  <testcase name="testAPI" time="1.766" classname="testrailtests.TestRailTests"/>
  <testcase name="passTest" time="0.003" classname="testrailtests.TestRailTests"/>
  <testcase name="failMultipleTests" classname="testrailtests.TestRailTests">
    <skipped/>
  </testcase> <!-- failMultipleTests -->
  <testcase name="dontPostToTestRail" classname="testrailtests.TestRailTests">
    <skipped/>
  </testcase> <!-- dontPostToTestRail -->
  <testcase name="failTest" classname="testrailtests.TestRailTests">
    <skipped/>
  </testcase> <!-- failTest -->
</testsuite> <!-- testrailtests.TestRailTests -->
