<?xml version="1.0" encoding="UTF-8"?>
<!-- Generated by org.testng.reporters.JUnitReportReporter -->
<testsuite skipped="0" hostname="mbp-Abhijeet.local" name="axisweb.massive.login.TC001_VerifyLoginWithInvalidCredentials" tests="1" failures="0" timestamp="29 Sep 2017 01:02:19 GMT" time="0.742" errors="0">
  <testcase name="verifyLoginWithInvalidCredentials" time="0.742" classname="axisweb.massive.login.TC001_VerifyLoginWithInvalidCredentials"/>
</testsuite> <!-- axisweb.massive.login.TC001_VerifyLoginWithInvalidCredentials -->
